app/build/intermediates/manifest_merge_blame_file/debug/manifest-merger-blame-debug-report.txt
1<?xml version="1.0" encoding="utf-8"?>
2<manifest xmlns:android="http://schemas.android.com/apk/res/android"
3    package="com.example.vk24"
4    android:versionCode="1"
5    android:versionName="1.0" >
6
7    <uses-sdk
8        android:minSdkVersion="26"
8-->src\main\AndroidManifest.xml
9        android:targetSdkVersion="33" />
9-->src\main\AndroidManifest.xml
10
11    <uses-permission android:name="android.permission.INTERNET" />
11-->src\main\AndroidManifest.xml:5:5-66
11-->src\main\AndroidManifest.xml:5:22-64
12    <uses-permission android:name="android.permission.ACCESS_NETWORK_STATE" />
12-->[com.google.firebase:firebase-auth:22.1.0] AndroidManifest.xml:26:5-79
12-->[com.google.firebase:firebase-auth:22.1.0] AndroidManifest.xml:26:22-76
13    <uses-permission android:name="android.permission.WAKE_LOCK" />
13-->[com.google.android.gms:play-services-measurement-api:21.3.0] AndroidManifest.xml:24:5-68
13-->[com.google.android.gms:play-services-measurement-api:21.3.0] AndroidManifest.xml:24:22-65
14    <uses-permission android:name="com.google.android.gms.permission.AD_ID" />
14-->[com.google.android.gms:play-services-measurement-api:21.3.0] AndroidManifest.xml:25:5-79
14-->[com.google.android.gms:play-services-measurement-api:21.3.0] AndroidManifest.xml:25:22-76
15    <uses-permission android:name="com.google.android.finsky.permission.BIND_GET_INSTALL_REFERRER_SERVICE" />
15-->[com.google.android.gms:play-services-measurement:21.3.0] AndroidManifest.xml:26:5-110
15-->[com.google.android.gms:play-services-measurement:21.3.0] AndroidManifest.xml:26:22-107
16
17    <permission
17-->[androidx.core:core:1.9.0] AndroidManifest.xml:22:5-24:47
18        android:name="com.example.vk24.DYNAMIC_RECEIVER_NOT_EXPORTED_PERMISSION"
18-->[androidx.core:core:1.9.0] AndroidManifest.xml:23:9-81
19        android:protectionLevel="signature" />
19-->[androidx.core:core:1.9.0] AndroidManifest.xml:24:9-44
20
21    <uses-permission android:name="com.example.vk24.DYNAMIC_RECEIVER_NOT_EXPORTED_PERMISSION" />
21-->[androidx.core:core:1.9.0] AndroidManifest.xml:26:5-97
21-->[androidx.core:core:1.9.0] AndroidManifest.xml:26:22-94
22
23    <application
23-->src\main\AndroidManifest.xml:7:5-29:19
24        android:allowBackup="true"
24-->src\main\AndroidManifest.xml:8:13-39
25        android:appComponentFactory="androidx.core.app.CoreComponentFactory"
25-->[androidx.core:core:1.9.0] AndroidManifest.xml:28:18-86
26        android:dataExtractionRules="@xml/data_extraction_rules"
26-->src\main\AndroidManifest.xml:9:13-69
27        android:debuggable="true"
28        android:extractNativeLibs="false"
29        android:fullBackupContent="@xml/backup_rules"
29-->src\main\AndroidManifest.xml:10:13-58
30        android:icon="@mipmap/ic_launcher"
30-->src\main\AndroidManifest.xml:11:13-47
31        android:label="@string/app_name"
31-->src\main\AndroidManifest.xml:12:13-45
32        android:supportsRtl="true"
32-->src\main\AndroidManifest.xml:13:13-39
33        android:theme="@style/Theme.Vk24" >
33-->src\main\AndroidManifest.xml:14:13-46
34        <activity
34-->src\main\AndroidManifest.xml:17:9-24:20
35            android:name="com.example.vk24.HomeActivity"
35-->src\main\AndroidManifest.xml:17:19-47
36            android:exported="true" >
36-->src\main\AndroidManifest.xml:17:48-71
37                android:label="@string/title_activity_home"
38                android:theme="@style/Theme.Vk24.NoActionBar"/>
39            <intent-filter>
39-->src\main\AndroidManifest.xml:20:9-23:29
40                <action android:name="android.intent.action.MAIN" />
40-->src\main\AndroidManifest.xml:21:17-69
40-->src\main\AndroidManifest.xml:21:25-66
41
42                <category android:name="android.intent.category.LAUNCHER" />
42-->src\main\AndroidManifest.xml:22:17-77
42-->src\main\AndroidManifest.xml:22:27-74
43            </intent-filter>
44        </activity>
45        <activity android:name="com.example.vk24.SignUpActivity" >
45-->src\main\AndroidManifest.xml:25:9-26:20
45-->src\main\AndroidManifest.xml:25:19-49
46        </activity>
47        <activity android:name="com.example.vk24.SignInActivity" >
47-->src\main\AndroidManifest.xml:27:9-28:20
47-->src\main\AndroidManifest.xml:27:19-49
48        </activity>
49        <activity
49-->[com.facebook.android:facebook-common:12.0.0] AndroidManifest.xml:30:9-33:66
50            android:name="com.facebook.FacebookActivity"
50-->[com.facebook.android:facebook-common:12.0.0] AndroidManifest.xml:31:13-57
51            android:configChanges="keyboard|keyboardHidden|screenLayout|screenSize|orientation"
51-->[com.facebook.android:facebook-common:12.0.0] AndroidManifest.xml:32:13-96
52            android:theme="@style/com_facebook_activity_theme" />
52-->[com.facebook.android:facebook-common:12.0.0] AndroidManifest.xml:33:13-63
53        <activity android:name="com.facebook.CustomTabMainActivity" />
53-->[com.facebook.android:facebook-common:12.0.0] AndroidManifest.xml:34:9-71
53-->[com.facebook.android:facebook-common:12.0.0] AndroidManifest.xml:34:19-68
54        <activity
54-->[com.facebook.android:facebook-common:12.0.0] AndroidManifest.xml:35:9-49:20
55            android:name="com.facebook.CustomTabActivity"
55-->[com.facebook.android:facebook-common:12.0.0] AndroidManifest.xml:36:13-58
56            android:exported="true" >
56-->[com.facebook.android:facebook-common:12.0.0] AndroidManifest.xml:37:13-36
57            <intent-filter>
57-->[com.facebook.android:facebook-common:12.0.0] AndroidManifest.xml:39:13-48:29
58                <action android:name="android.intent.action.VIEW" />
58-->[com.facebook.android:facebook-common:12.0.0] AndroidManifest.xml:40:17-69
58-->[com.facebook.android:facebook-common:12.0.0] AndroidManifest.xml:40:25-66
59
60                <category android:name="android.intent.category.DEFAULT" />
60-->[com.facebook.android:facebook-common:12.0.0] AndroidManifest.xml:42:17-76
60-->[com.facebook.android:facebook-common:12.0.0] AndroidManifest.xml:42:27-73
61                <category android:name="android.intent.category.BROWSABLE" />
61-->[com.facebook.android:facebook-common:12.0.0] AndroidManifest.xml:43:17-78
61-->[com.facebook.android:facebook-common:12.0.0] AndroidManifest.xml:43:27-75
62
63                <data
63-->[com.facebook.android:facebook-common:12.0.0] AndroidManifest.xml:45:17-47:50
64                    android:host="cct.com.example.vk24"
64-->[com.facebook.android:facebook-common:12.0.0] AndroidManifest.xml:46:21-56
65                    android:scheme="fbconnect" />
65-->[com.facebook.android:facebook-common:12.0.0] AndroidManifest.xml:47:21-47
66            </intent-filter>
67        </activity>
68        <activity
68-->[com.google.firebase:firebase-auth:22.1.0] AndroidManifest.xml:29:9-46:20
69            android:name="com.google.firebase.auth.internal.GenericIdpActivity"
69-->[com.google.firebase:firebase-auth:22.1.0] AndroidManifest.xml:30:13-80
70            android:excludeFromRecents="true"
70-->[com.google.firebase:firebase-auth:22.1.0] AndroidManifest.xml:31:13-46
71            android:exported="true"
71-->[com.google.firebase:firebase-auth:22.1.0] AndroidManifest.xml:32:13-36
72            android:launchMode="singleTask"
72-->[com.google.firebase:firebase-auth:22.1.0] AndroidManifest.xml:33:13-44
73            android:theme="@android:style/Theme.Translucent.NoTitleBar" >
73-->[com.google.firebase:firebase-auth:22.1.0] AndroidManifest.xml:34:13-72
74            <intent-filter>
74-->[com.google.firebase:firebase-auth:22.1.0] AndroidManifest.xml:35:13-45:29
75                <action android:name="android.intent.action.VIEW" />
75-->[com.facebook.android:facebook-common:12.0.0] AndroidManifest.xml:40:17-69
75-->[com.facebook.android:facebook-common:12.0.0] AndroidManifest.xml:40:25-66
76
77                <category android:name="android.intent.category.DEFAULT" />
77-->[com.facebook.android:facebook-common:12.0.0] AndroidManifest.xml:42:17-76
77-->[com.facebook.android:facebook-common:12.0.0] AndroidManifest.xml:42:27-73
78                <category android:name="android.intent.category.BROWSABLE" />
78-->[com.facebook.android:facebook-common:12.0.0] AndroidManifest.xml:43:17-78
78-->[com.facebook.android:facebook-common:12.0.0] AndroidManifest.xml:43:27-75
79
80                <data
80-->[com.facebook.android:facebook-common:12.0.0] AndroidManifest.xml:45:17-47:50
81                    android:host="firebase.auth"
81-->[com.facebook.android:facebook-common:12.0.0] AndroidManifest.xml:46:21-56
82                    android:path="/"
83                    android:scheme="genericidp" />
83-->[com.facebook.android:facebook-common:12.0.0] AndroidManifest.xml:47:21-47
84            </intent-filter>
85        </activity>
86        <activity
86-->[com.google.firebase:firebase-auth:22.1.0] AndroidManifest.xml:47:9-64:20
87            android:name="com.google.firebase.auth.internal.RecaptchaActivity"
87-->[com.google.firebase:firebase-auth:22.1.0] AndroidManifest.xml:48:13-79
88            android:excludeFromRecents="true"
88-->[com.google.firebase:firebase-auth:22.1.0] AndroidManifest.xml:49:13-46
89            android:exported="true"
89-->[com.google.firebase:firebase-auth:22.1.0] AndroidManifest.xml:50:13-36
90            android:launchMode="singleTask"
90-->[com.google.firebase:firebase-auth:22.1.0] AndroidManifest.xml:51:13-44
91            android:theme="@android:style/Theme.Translucent.NoTitleBar" >
91-->[com.google.firebase:firebase-auth:22.1.0] AndroidManifest.xml:52:13-72
92            <intent-filter>
92-->[com.google.firebase:firebase-auth:22.1.0] AndroidManifest.xml:53:13-63:29
93                <action android:name="android.intent.action.VIEW" />
93-->[com.facebook.android:facebook-common:12.0.0] AndroidManifest.xml:40:17-69
93-->[com.facebook.android:facebook-common:12.0.0] AndroidManifest.xml:40:25-66
94
95                <category android:name="android.intent.category.DEFAULT" />
95-->[com.facebook.android:facebook-common:12.0.0] AndroidManifest.xml:42:17-76
95-->[com.facebook.android:facebook-common:12.0.0] AndroidManifest.xml:42:27-73
96                <category android:name="android.intent.category.BROWSABLE" />
96-->[com.facebook.android:facebook-common:12.0.0] AndroidManifest.xml:43:17-78
96-->[com.facebook.android:facebook-common:12.0.0] AndroidManifest.xml:43:27-75
97
98                <data
98-->[com.facebook.android:facebook-common:12.0.0] AndroidManifest.xml:45:17-47:50
99                    android:host="firebase.auth"
99-->[com.facebook.android:facebook-common:12.0.0] AndroidManifest.xml:46:21-56
100                    android:path="/"
101                    android:scheme="recaptcha" />
101-->[com.facebook.android:facebook-common:12.0.0] AndroidManifest.xml:47:21-47
102            </intent-filter>
103        </activity>
104
105        <service
105-->[com.google.firebase:firebase-auth:22.1.0] AndroidManifest.xml:66:9-72:19
106            android:name="com.google.firebase.components.ComponentDiscoveryService"
106-->[com.google.firebase:firebase-auth:22.1.0] AndroidManifest.xml:67:13-84
107            android:directBootAware="true"
107-->[com.google.firebase:firebase-common:20.3.3] AndroidManifest.xml:34:13-43
108            android:exported="false" >
108-->[com.google.firebase:firebase-auth:22.1.0] AndroidManifest.xml:68:13-37
109            <meta-data
109-->[com.google.firebase:firebase-auth:22.1.0] AndroidManifest.xml:69:13-71:85
110                android:name="com.google.firebase.components:com.google.firebase.auth.FirebaseAuthRegistrar"
110-->[com.google.firebase:firebase-auth:22.1.0] AndroidManifest.xml:70:17-109
111                android:value="com.google.firebase.components.ComponentRegistrar" />
111-->[com.google.firebase:firebase-auth:22.1.0] AndroidManifest.xml:71:17-82
112            <meta-data
112-->[com.google.firebase:firebase-database:20.2.2] AndroidManifest.xml:31:13-33:85
113                android:name="com.google.firebase.components:com.google.firebase.database.DatabaseRegistrar"
113-->[com.google.firebase:firebase-database:20.2.2] AndroidManifest.xml:32:17-109
114                android:value="com.google.firebase.components.ComponentRegistrar" />
114-->[com.google.firebase:firebase-database:20.2.2] AndroidManifest.xml:33:17-82
115            <meta-data
115-->[com.google.android.gms:play-services-measurement-api:21.3.0] AndroidManifest.xml:31:13-33:85
116                android:name="com.google.firebase.components:com.google.firebase.analytics.connector.internal.AnalyticsConnectorRegistrar"
116-->[com.google.android.gms:play-services-measurement-api:21.3.0] AndroidManifest.xml:32:17-139
117                android:value="com.google.firebase.components.ComponentRegistrar" />
117-->[com.google.android.gms:play-services-measurement-api:21.3.0] AndroidManifest.xml:33:17-82
118            <meta-data
118-->[com.google.firebase:firebase-installations:17.1.3] AndroidManifest.xml:17:13-19:85
119                android:name="com.google.firebase.components:com.google.firebase.installations.FirebaseInstallationsRegistrar"
119-->[com.google.firebase:firebase-installations:17.1.3] AndroidManifest.xml:18:17-127
120                android:value="com.google.firebase.components.ComponentRegistrar" />
120-->[com.google.firebase:firebase-installations:17.1.3] AndroidManifest.xml:19:17-82
121        </service>
122
123        <activity
123-->[com.google.android.gms:play-services-auth:20.4.0] AndroidManifest.xml:23:9-27:75
124            android:name="com.google.android.gms.auth.api.signin.internal.SignInHubActivity"
124-->[com.google.android.gms:play-services-auth:20.4.0] AndroidManifest.xml:24:13-93
125            android:excludeFromRecents="true"
125-->[com.google.android.gms:play-services-auth:20.4.0] AndroidManifest.xml:25:13-46
126            android:exported="false"
126-->[com.google.android.gms:play-services-auth:20.4.0] AndroidManifest.xml:26:13-37
127            android:theme="@android:style/Theme.Translucent.NoTitleBar" />
127-->[com.google.android.gms:play-services-auth:20.4.0] AndroidManifest.xml:27:13-72
128        <!--
129            Service handling Google Sign-In user revocation. For apps that do not integrate with
130            Google Sign-In, this service will never be started.
131        -->
132        <service
132-->[com.google.android.gms:play-services-auth:20.4.0] AndroidManifest.xml:33:9-37:51
133            android:name="com.google.android.gms.auth.api.signin.RevocationBoundService"
133-->[com.google.android.gms:play-services-auth:20.4.0] AndroidManifest.xml:34:13-89
134            android:exported="true"
134-->[com.google.android.gms:play-services-auth:20.4.0] AndroidManifest.xml:35:13-36
135            android:permission="com.google.android.gms.auth.api.signin.permission.REVOCATION_NOTIFICATION"
135-->[com.google.android.gms:play-services-auth:20.4.0] AndroidManifest.xml:36:13-107
136            android:visibleToInstantApps="true" />
136-->[com.google.android.gms:play-services-auth:20.4.0] AndroidManifest.xml:37:13-48
137
138        <provider
138-->[com.google.firebase:firebase-common:20.3.3] AndroidManifest.xml:25:9-30:39
139            android:name="com.google.firebase.provider.FirebaseInitProvider"
139-->[com.google.firebase:firebase-common:20.3.3] AndroidManifest.xml:26:13-77
140            android:authorities="com.example.vk24.firebaseinitprovider"
140-->[com.google.firebase:firebase-common:20.3.3] AndroidManifest.xml:27:13-72
141            android:directBootAware="true"
141-->[com.google.firebase:firebase-common:20.3.3] AndroidManifest.xml:28:13-43
142            android:exported="false"
142-->[com.google.firebase:firebase-common:20.3.3] AndroidManifest.xml:29:13-37
143            android:initOrder="100" />
143-->[com.google.firebase:firebase-common:20.3.3] AndroidManifest.xml:30:13-36
144
145        <receiver
145-->[com.google.android.gms:play-services-measurement:21.3.0] AndroidManifest.xml:29:9-33:20
146            android:name="com.google.android.gms.measurement.AppMeasurementReceiver"
146-->[com.google.android.gms:play-services-measurement:21.3.0] AndroidManifest.xml:30:13-85
147            android:enabled="true"
147-->[com.google.android.gms:play-services-measurement:21.3.0] AndroidManifest.xml:31:13-35
148            android:exported="false" >
148-->[com.google.android.gms:play-services-measurement:21.3.0] AndroidManifest.xml:32:13-37
149        </receiver>
150
151        <service
151-->[com.google.android.gms:play-services-measurement:21.3.0] AndroidManifest.xml:35:9-38:40
152            android:name="com.google.android.gms.measurement.AppMeasurementService"
152-->[com.google.android.gms:play-services-measurement:21.3.0] AndroidManifest.xml:36:13-84
153            android:enabled="true"
153-->[com.google.android.gms:play-services-measurement:21.3.0] AndroidManifest.xml:37:13-35
154            android:exported="false" />
154-->[com.google.android.gms:play-services-measurement:21.3.0] AndroidManifest.xml:38:13-37
155        <service
155-->[com.google.android.gms:play-services-measurement:21.3.0] AndroidManifest.xml:39:9-43:72
156            android:name="com.google.android.gms.measurement.AppMeasurementJobService"
156-->[com.google.android.gms:play-services-measurement:21.3.0] AndroidManifest.xml:40:13-87
157            android:enabled="true"
157-->[com.google.android.gms:play-services-measurement:21.3.0] AndroidManifest.xml:41:13-35
158            android:exported="false"
158-->[com.google.android.gms:play-services-measurement:21.3.0] AndroidManifest.xml:42:13-37
159            android:permission="android.permission.BIND_JOB_SERVICE" />
159-->[com.google.android.gms:play-services-measurement:21.3.0] AndroidManifest.xml:43:13-69
160
161        <activity
161-->[com.google.android.gms:play-services-base:18.1.0] AndroidManifest.xml:20:9-22:45
162            android:name="com.google.android.gms.common.api.GoogleApiActivity"
162-->[com.google.android.gms:play-services-base:18.1.0] AndroidManifest.xml:20:19-85
163            android:exported="false"
163-->[com.google.android.gms:play-services-base:18.1.0] AndroidManifest.xml:22:19-43
164            android:theme="@android:style/Theme.Translucent.NoTitleBar" />
164-->[com.google.android.gms:play-services-base:18.1.0] AndroidManifest.xml:21:19-78
165        <!--
166         The initialization ContentProvider will call FacebookSdk.sdkInitialize automatically
167         with the application context. This config is merged in with the host app's manifest,
168         but there can only be one provider with the same authority activated at any given
169         point; so if the end user has two or more different apps that use Facebook SDK, only the
170         first one will be able to use the provider. To work around this problem, we use the
171         following placeholder in the authority to identify each host application as if it was
172         a completely different provider.
173        -->
174        <provider
174-->[com.facebook.android:facebook-core:12.0.0] AndroidManifest.xml:39:9-42:40
175            android:name="com.facebook.internal.FacebookInitProvider"
175-->[com.facebook.android:facebook-core:12.0.0] AndroidManifest.xml:40:13-70
176            android:authorities="com.example.vk24.FacebookInitProvider"
176-->[com.facebook.android:facebook-core:12.0.0] AndroidManifest.xml:41:13-72
177            android:exported="false" />
177-->[com.facebook.android:facebook-core:12.0.0] AndroidManifest.xml:42:13-37
178
179        <receiver
179-->[com.facebook.android:facebook-core:12.0.0] AndroidManifest.xml:44:9-50:20
180            android:name="com.facebook.CurrentAccessTokenExpirationBroadcastReceiver"
180-->[com.facebook.android:facebook-core:12.0.0] AndroidManifest.xml:45:13-86
181            android:exported="false" >
181-->[com.facebook.android:facebook-core:12.0.0] AndroidManifest.xml:46:13-37
182            <intent-filter>
182-->[com.facebook.android:facebook-core:12.0.0] AndroidManifest.xml:47:13-49:29
183                <action android:name="com.facebook.sdk.ACTION_CURRENT_ACCESS_TOKEN_CHANGED" />
183-->[com.facebook.android:facebook-core:12.0.0] AndroidManifest.xml:48:17-95
183-->[com.facebook.android:facebook-core:12.0.0] AndroidManifest.xml:48:25-92
184            </intent-filter>
185        </receiver>
186
187        <uses-library
187-->[androidx.window:window:1.0.0] AndroidManifest.xml:25:9-27:40
188            android:name="androidx.window.extensions"
188-->[androidx.window:window:1.0.0] AndroidManifest.xml:26:13-54
189            android:required="false" />
189-->[androidx.window:window:1.0.0] AndroidManifest.xml:27:13-37
190        <uses-library
190-->[androidx.window:window:1.0.0] AndroidManifest.xml:28:9-30:40
191            android:name="androidx.window.sidecar"
191-->[androidx.window:window:1.0.0] AndroidManifest.xml:29:13-51
192            android:required="false" />
192-->[androidx.window:window:1.0.0] AndroidManifest.xml:30:13-37
193
194        <meta-data
194-->[com.google.android.gms:play-services-basement:18.1.0] AndroidManifest.xml:21:9-23:69
195            android:name="com.google.android.gms.version"
195-->[com.google.android.gms:play-services-basement:18.1.0] AndroidManifest.xml:22:13-58
196            android:value="@integer/google_play_services_version" />
196-->[com.google.android.gms:play-services-basement:18.1.0] AndroidManifest.xml:23:13-66
197
198        <provider
198-->[androidx.emoji2:emoji2:1.2.0] AndroidManifest.xml:24:9-32:20
199            android:name="androidx.startup.InitializationProvider"
199-->[androidx.emoji2:emoji2:1.2.0] AndroidManifest.xml:25:13-67
200            android:authorities="com.example.vk24.androidx-startup"
200-->[androidx.emoji2:emoji2:1.2.0] AndroidManifest.xml:26:13-68
201            android:exported="false" >
201-->[androidx.emoji2:emoji2:1.2.0] AndroidManifest.xml:27:13-37
202            <meta-data
202-->[androidx.emoji2:emoji2:1.2.0] AndroidManifest.xml:29:13-31:52
203                android:name="androidx.emoji2.text.EmojiCompatInitializer"
203-->[androidx.emoji2:emoji2:1.2.0] AndroidManifest.xml:30:17-75
204                android:value="androidx.startup" />
204-->[androidx.emoji2:emoji2:1.2.0] AndroidManifest.xml:31:17-49
205            <meta-data
205-->[androidx.lifecycle:lifecycle-process:2.4.1] AndroidManifest.xml:31:13-33:52
206                android:name="androidx.lifecycle.ProcessLifecycleInitializer"
206-->[androidx.lifecycle:lifecycle-process:2.4.1] AndroidManifest.xml:32:17-78
207                android:value="androidx.startup" />
207-->[androidx.lifecycle:lifecycle-process:2.4.1] AndroidManifest.xml:33:17-49
208        </provider>
209    </application>
210
211</manifest>